Release 12.3 - xst M.70d (nt)
Copyright (c) 1995-2010 Xilinx, Inc.  All rights reserved.
--> Parameter TMPDIR set to xst/projnav.tmp


Total REAL time to Xst completion: 0.00 secs
Total CPU time to Xst completion: 0.06 secs
 
--> Parameter xsthdpdir set to xst


Total REAL time to Xst completion: 0.00 secs
Total CPU time to Xst completion: 0.06 secs
 
--> Reading design: ALU.prj

TABLE OF CONTENTS
  1) Synthesis Options Summary
  2) HDL Compilation
  3) Design Hierarchy Analysis
  4) HDL Analysis
  5) HDL Synthesis
     5.1) HDL Synthesis Report
  6) Advanced HDL Synthesis
     6.1) Advanced HDL Synthesis Report
  7) Low Level Synthesis
  8) Partition Report
  9) Final Report
	9.1) Device utilization summary
	9.2) Partition Resource Summary
	9.3) TIMING REPORT


=========================================================================
*                      Synthesis Options Summary                        *
=========================================================================
---- Source Parameters
Input File Name                    : "ALU.prj"
Input Format                       : mixed
Ignore Synthesis Constraint File   : NO

---- Target Parameters
Output File Name                   : "ALU"
Output Format                      : NGC
Target Device                      : xc3s500e-5-fg320

---- Source Options
Top Module Name                    : ALU
Automatic FSM Extraction           : YES
FSM Encoding Algorithm             : Auto
Safe Implementation                : No
FSM Style                          : LUT
RAM Extraction                     : Yes
RAM Style                          : Auto
ROM Extraction                     : Yes
Mux Style                          : Auto
Decoder Extraction                 : YES
Priority Encoder Extraction        : Yes
Shift Register Extraction          : YES
Logical Shifter Extraction         : YES
XOR Collapsing                     : YES
ROM Style                          : Auto
Mux Extraction                     : Yes
Resource Sharing                   : YES
Asynchronous To Synchronous        : NO
Multiplier Style                   : Auto
Automatic Register Balancing       : No

---- Target Options
Add IO Buffers                     : YES
Global Maximum Fanout              : 500
Add Generic Clock Buffer(BUFG)     : 24
Register Duplication               : YES
Slice Packing                      : YES
Optimize Instantiated Primitives   : NO
Use Clock Enable                   : Yes
Use Synchronous Set                : Yes
Use Synchronous Reset              : Yes
Pack IO Registers into IOBs        : Auto
Equivalent register Removal        : YES

---- General Options
Optimization Goal                  : Speed
Optimization Effort                : 1
Keep Hierarchy                     : No
Netlist Hierarchy                  : As_Optimized
RTL Output                         : Yes
Global Optimization                : AllClockNets
Read Cores                         : YES
Write Timing Constraints           : NO
Cross Clock Analysis               : NO
Hierarchy Separator                : /
Bus Delimiter                      : <>
Case Specifier                     : Maintain
Slice Utilization Ratio            : 100
BRAM Utilization Ratio             : 100
Verilog 2001                       : YES
Auto BRAM Packing                  : NO
Slice Utilization Ratio Delta      : 5

---- Other Options
Cores Search Directories           : {"ipcore_dir"  }

=========================================================================


=========================================================================
*                          HDL Compilation                              *
=========================================================================
Compiling verilog file "ALU.v" in library work
Module <ALU> compiled
No errors in compilation
Analysis of file <"ALU.prj"> succeeded.
 

=========================================================================
*                     Design Hierarchy Analysis                         *
=========================================================================
Analyzing hierarchy for module <ALU> in library <work> with parameters.
	A_ADD = "00001"
	A_ADDU = "00111"
	A_AND = "00011"
	A_LL = "01001"
	A_LUI = "01110"
	A_NOP = "00000"
	A_NOR = "00110"
	A_OR = "00100"
	A_RR = "01010"
	A_RRU = "01011"
	A_SMALL = "01100"
	A_SMALLU = "01101"
	A_SUB = "00010"
	A_SUBU = "01000"
	A_XOR = "00101"


=========================================================================
*                            HDL Analysis                               *
=========================================================================
Analyzing top module <ALU>.
	A_ADD = 5'b00001
	A_ADDU = 5'b00111
	A_AND = 5'b00011
	A_LL = 5'b01001
	A_LUI = 5'b01110
	A_NOP = 5'b00000
	A_NOR = 5'b00110
	A_OR = 5'b00100
	A_RR = 5'b01010
	A_RRU = 5'b01011
	A_SMALL = 5'b01100
	A_SMALLU = 5'b01101
	A_SUB = 5'b00010
	A_SUBU = 5'b01000
	A_XOR = 5'b00101
Module <ALU> is correct for synthesis.
 

=========================================================================
*                           HDL Synthesis                               *
=========================================================================

Performing bidirectional port resolution...

Synthesizing Unit <ALU>.
    Related source file is "ALU.v".
    Found 32-bit addsub for signal <alu_out$addsub0000>.
    Found 32-bit comparator less for signal <alu_out$cmp_lt0000> created at line 63.
    Found 32-bit comparator less for signal <alu_out$cmp_lt0001> created at line 64.
    Found 32-bit shifter logical left for signal <alu_out$shift0002> created at line 60.
    Found 32-bit shifter logical right for signal <alu_out$shift0003> created at line 61.
    Found 32-bit xor2 for signal <alu_out$xor0000> created at line 56.
    Summary:
	inferred   1 Adder/Subtractor(s).
	inferred   2 Comparator(s).
	inferred   2 Combinational logic shifter(s).
Unit <ALU> synthesized.

INFO:Xst:1767 - HDL ADVISOR - Resource sharing has identified that some arithmetic operations in this design can share the same physical resources for reduced device utilization. For improved clock frequency you may try to disable resource sharing.

=========================================================================
HDL Synthesis Report

Macro Statistics
# Adders/Subtractors                                   : 1
 32-bit addsub                                         : 1
# Comparators                                          : 2
 32-bit comparator less                                : 2
# Logic shifters                                       : 2
 32-bit shifter logical left                           : 1
 32-bit shifter logical right                          : 1
# Xors                                                 : 1
 32-bit xor2                                           : 1

=========================================================================

=========================================================================
*                       Advanced HDL Synthesis                          *
=========================================================================


=========================================================================
Advanced HDL Synthesis Report

Macro Statistics
# Adders/Subtractors                                   : 1
 32-bit addsub                                         : 1
# Comparators                                          : 2
 32-bit comparator less                                : 2
# Logic shifters                                       : 2
 32-bit shifter logical left                           : 1
 32-bit shifter logical right                          : 1
# Xors                                                 : 1
 32-bit xor2                                           : 1

=========================================================================

=========================================================================
*                         Low Level Synthesis                           *
=========================================================================

Optimizing unit <ALU> ...

Mapping all equations...
Building and optimizing final netlist ...
Found area constraint ratio of 100 (+ 5) on block ALU, actual ratio is 8.

Final Macro Processing ...

=========================================================================
Final Register Report

Found no macro
=========================================================================

=========================================================================
*                           Partition Report                            *
=========================================================================

Partition Implementation Status
-------------------------------

  No Partitions were found in this design.

-------------------------------

=========================================================================
*                            Final Report                               *
=========================================================================
Final Results
RTL Top Level Output File Name     : ALU.ngr
Top Level Output File Name         : ALU
Output Format                      : NGC
Optimization Goal                  : Speed
Keep Hierarchy                     : No

Design Statistics
# IOs                              : 101

Cell Usage :
# BELS                             : 788
#      GND                         : 1
#      INV                         : 1
#      LUT2                        : 76
#      LUT3                        : 210
#      LUT4                        : 298
#      MUXCY                       : 102
#      MUXF5                       : 67
#      VCC                         : 1
#      XORCY                       : 32
# IO Buffers                       : 101
#      IBUF                        : 69
#      OBUF                        : 32
=========================================================================

Device utilization summary:
---------------------------

Selected Device : 3s500efg320-5 

 Number of Slices:                      319  out of   4656     6%  
 Number of 4 input LUTs:                585  out of   9312     6%  
 Number of IOs:                         101
 Number of bonded IOBs:                 101  out of    232    43%  

---------------------------
Partition Resource Summary:
---------------------------

  No Partitions were found in this design.

---------------------------


=========================================================================
TIMING REPORT

NOTE: THESE TIMING NUMBERS ARE ONLY A SYNTHESIS ESTIMATE.
      FOR ACCURATE TIMING INFORMATION PLEASE REFER TO THE TRACE REPORT
      GENERATED AFTER PLACE-and-ROUTE.

Clock Information:
------------------
No clock signals found in this design

Asynchronous Control Signals Information:
----------------------------------------
No asynchronous control signals found in this design

Timing Summary:
---------------
Speed Grade: -5

   Minimum period: No path found
   Minimum input arrival time before clock: No path found
   Maximum output required time after clock: No path found
   Maximum combinational path delay: 13.414ns

Timing Detail:
--------------
All values displayed in nanoseconds (ns)

=========================================================================
Timing constraint: Default path analysis
  Total number of paths / destination ports: 10971 / 32
-------------------------------------------------------------------------
Delay:               13.414ns (Levels of Logic = 34)
  Source:            alu_op<2> (PAD)
  Destination:       alu_out<26> (PAD)

  Data Path: alu_op<2> to alu_out<26>
                                Gate     Net
    Cell:in->out      fanout   Delay   Delay  Logical Name (Net Name)
    ----------------------------------------  ------------
     IBUF:I->O            11   1.106   0.945  alu_op_2_IBUF (alu_op_2_IBUF)
     LUT2:I0->O            1   0.612   0.387  alu_out_mux0002_SW0 (N255)
     LUT4:I2->O           33   0.612   1.103  alu_out_mux0002 (alu_out_mux0002)
     LUT3:I2->O            1   0.612   0.000  Maddsub_alu_out_addsub0000_lut<0> (Maddsub_alu_out_addsub0000_lut<0>)
     MUXCY:S->O            1   0.404   0.000  Maddsub_alu_out_addsub0000_cy<0> (Maddsub_alu_out_addsub0000_cy<0>)
     MUXCY:CI->O           1   0.051   0.000  Maddsub_alu_out_addsub0000_cy<1> (Maddsub_alu_out_addsub0000_cy<1>)
     MUXCY:CI->O           1   0.051   0.000  Maddsub_alu_out_addsub0000_cy<2> (Maddsub_alu_out_addsub0000_cy<2>)
     MUXCY:CI->O           1   0.051   0.000  Maddsub_alu_out_addsub0000_cy<3> (Maddsub_alu_out_addsub0000_cy<3>)
     MUXCY:CI->O           1   0.051   0.000  Maddsub_alu_out_addsub0000_cy<4> (Maddsub_alu_out_addsub0000_cy<4>)
     MUXCY:CI->O           1   0.051   0.000  Maddsub_alu_out_addsub0000_cy<5> (Maddsub_alu_out_addsub0000_cy<5>)
     MUXCY:CI->O           1   0.051   0.000  Maddsub_alu_out_addsub0000_cy<6> (Maddsub_alu_out_addsub0000_cy<6>)
     MUXCY:CI->O           1   0.051   0.000  Maddsub_alu_out_addsub0000_cy<7> (Maddsub_alu_out_addsub0000_cy<7>)
     MUXCY:CI->O           1   0.051   0.000  Maddsub_alu_out_addsub0000_cy<8> (Maddsub_alu_out_addsub0000_cy<8>)
     MUXCY:CI->O           1   0.051   0.000  Maddsub_alu_out_addsub0000_cy<9> (Maddsub_alu_out_addsub0000_cy<9>)
     MUXCY:CI->O           1   0.051   0.000  Maddsub_alu_out_addsub0000_cy<10> (Maddsub_alu_out_addsub0000_cy<10>)
     MUXCY:CI->O           1   0.051   0.000  Maddsub_alu_out_addsub0000_cy<11> (Maddsub_alu_out_addsub0000_cy<11>)
     MUXCY:CI->O           1   0.051   0.000  Maddsub_alu_out_addsub0000_cy<12> (Maddsub_alu_out_addsub0000_cy<12>)
     MUXCY:CI->O           1   0.051   0.000  Maddsub_alu_out_addsub0000_cy<13> (Maddsub_alu_out_addsub0000_cy<13>)
     MUXCY:CI->O           1   0.051   0.000  Maddsub_alu_out_addsub0000_cy<14> (Maddsub_alu_out_addsub0000_cy<14>)
     MUXCY:CI->O           1   0.051   0.000  Maddsub_alu_out_addsub0000_cy<15> (Maddsub_alu_out_addsub0000_cy<15>)
     MUXCY:CI->O           1   0.051   0.000  Maddsub_alu_out_addsub0000_cy<16> (Maddsub_alu_out_addsub0000_cy<16>)
     MUXCY:CI->O           1   0.051   0.000  Maddsub_alu_out_addsub0000_cy<17> (Maddsub_alu_out_addsub0000_cy<17>)
     MUXCY:CI->O           1   0.051   0.000  Maddsub_alu_out_addsub0000_cy<18> (Maddsub_alu_out_addsub0000_cy<18>)
     MUXCY:CI->O           1   0.051   0.000  Maddsub_alu_out_addsub0000_cy<19> (Maddsub_alu_out_addsub0000_cy<19>)
     MUXCY:CI->O           1   0.051   0.000  Maddsub_alu_out_addsub0000_cy<20> (Maddsub_alu_out_addsub0000_cy<20>)
     MUXCY:CI->O           1   0.051   0.000  Maddsub_alu_out_addsub0000_cy<21> (Maddsub_alu_out_addsub0000_cy<21>)
     MUXCY:CI->O           1   0.051   0.000  Maddsub_alu_out_addsub0000_cy<22> (Maddsub_alu_out_addsub0000_cy<22>)
     MUXCY:CI->O           1   0.051   0.000  Maddsub_alu_out_addsub0000_cy<23> (Maddsub_alu_out_addsub0000_cy<23>)
     MUXCY:CI->O           1   0.051   0.000  Maddsub_alu_out_addsub0000_cy<24> (Maddsub_alu_out_addsub0000_cy<24>)
     MUXCY:CI->O           1   0.051   0.000  Maddsub_alu_out_addsub0000_cy<25> (Maddsub_alu_out_addsub0000_cy<25>)
     XORCY:CI->O           1   0.699   0.509  Maddsub_alu_out_addsub0000_xor<26> (alu_out_addsub0000<26>)
     LUT2:I0->O            1   0.612   0.387  alu_out<26>150 (alu_out<26>150)
     LUT4:I2->O            1   0.612   0.357  alu_out<26>167 (alu_out_26_OBUF)
     OBUF:I->O                 3.169          alu_out_26_OBUF (alu_out<26>)
    ----------------------------------------
    Total                     13.414ns (9.725ns logic, 3.688ns route)
                                       (72.5% logic, 27.5% route)

=========================================================================


Total REAL time to Xst completion: 5.00 secs
Total CPU time to Xst completion: 5.88 secs
 
--> 

Total memory usage is 185568 kilobytes

Number of errors   :    0 (   0 filtered)
Number of warnings :    0 (   0 filtered)
Number of infos    :    1 (   0 filtered)

