Release 12.3 - xst M.70d (nt)
Copyright (c) 1995-2010 Xilinx, Inc.  All rights reserved.
--> Parameter TMPDIR set to xst/projnav.tmp


Total REAL time to Xst completion: 0.00 secs
Total CPU time to Xst completion: 0.07 secs
 
--> Parameter xsthdpdir set to xst


Total REAL time to Xst completion: 0.00 secs
Total CPU time to Xst completion: 0.07 secs
 
--> Reading design: HU.prj

TABLE OF CONTENTS
  1) Synthesis Options Summary
  2) HDL Compilation
  3) Design Hierarchy Analysis
  4) HDL Analysis
  5) HDL Synthesis
     5.1) HDL Synthesis Report
  6) Advanced HDL Synthesis
     6.1) Advanced HDL Synthesis Report
  7) Low Level Synthesis
  8) Partition Report
  9) Final Report
	9.1) Device utilization summary
	9.2) Partition Resource Summary
	9.3) TIMING REPORT


=========================================================================
*                      Synthesis Options Summary                        *
=========================================================================
---- Source Parameters
Input File Name                    : "HU.prj"
Input Format                       : mixed
Ignore Synthesis Constraint File   : NO

---- Target Parameters
Output File Name                   : "HU"
Output Format                      : NGC
Target Device                      : xc3s500e-5-fg320

---- Source Options
Top Module Name                    : HU
Automatic FSM Extraction           : YES
FSM Encoding Algorithm             : Auto
Safe Implementation                : No
FSM Style                          : LUT
RAM Extraction                     : Yes
RAM Style                          : Auto
ROM Extraction                     : Yes
Mux Style                          : Auto
Decoder Extraction                 : YES
Priority Encoder Extraction        : Yes
Shift Register Extraction          : YES
Logical Shifter Extraction         : YES
XOR Collapsing                     : YES
ROM Style                          : Auto
Mux Extraction                     : Yes
Resource Sharing                   : YES
Asynchronous To Synchronous        : NO
Multiplier Style                   : Auto
Automatic Register Balancing       : No

---- Target Options
Add IO Buffers                     : YES
Global Maximum Fanout              : 500
Add Generic Clock Buffer(BUFG)     : 24
Register Duplication               : YES
Slice Packing                      : YES
Optimize Instantiated Primitives   : NO
Use Clock Enable                   : Yes
Use Synchronous Set                : Yes
Use Synchronous Reset              : Yes
Pack IO Registers into IOBs        : Auto
Equivalent register Removal        : YES

---- General Options
Optimization Goal                  : Speed
Optimization Effort                : 1
Keep Hierarchy                     : No
Netlist Hierarchy                  : As_Optimized
RTL Output                         : Yes
Global Optimization                : AllClockNets
Read Cores                         : YES
Write Timing Constraints           : NO
Cross Clock Analysis               : NO
Hierarchy Separator                : /
Bus Delimiter                      : <>
Case Specifier                     : Maintain
Slice Utilization Ratio            : 100
BRAM Utilization Ratio             : 100
Verilog 2001                       : YES
Auto BRAM Packing                  : NO
Slice Utilization Ratio Delta      : 5

---- Other Options
Cores Search Directories           : {"ipcore_dir"  }

=========================================================================


=========================================================================
*                          HDL Compilation                              *
=========================================================================
Compiling verilog file "HC.v" in library work
Module <HU> compiled
No errors in compilation
Analysis of file <"HU.prj"> succeeded.
 

=========================================================================
*                     Design Hierarchy Analysis                         *
=========================================================================
Analyzing hierarchy for module <HU> in library <work>.


=========================================================================
*                            HDL Analysis                               *
=========================================================================
Analyzing top module <HU>.
Module <HU> is correct for synthesis.
 

=========================================================================
*                           HDL Synthesis                               *
=========================================================================

Performing bidirectional port resolution...

Synthesizing Unit <HU>.
    Related source file is "HC.v".
    Found 5-bit comparator equal for signal <ForwardAD$cmp_eq0002> created at line 47.
    Found 5-bit comparator equal for signal <ForwardAD$cmp_eq0003> created at line 49.
    Found 5-bit comparator equal for signal <ForwardAE$cmp_eq0000> created at line 68.
    Found 5-bit comparator equal for signal <ForwardAE$cmp_eq0001> created at line 70.
    Found 5-bit comparator equal for signal <ForwardBD$cmp_eq0000> created at line 56.
    Found 5-bit comparator equal for signal <ForwardBE$cmp_eq0000> created at line 77.
    Found 5-bit comparator equal for signal <ForwardBE$cmp_eq0001> created at line 79.
    Found 5-bit comparator equal for signal <StallF$cmp_eq0000> created at line 42.
    Found 5-bit comparator equal for signal <StallF$cmp_eq0001> created at line 42.
    Found 5-bit comparator equal for signal <StallF$cmp_eq0002> created at line 42.
    Found 5-bit comparator equal for signal <StallF$cmp_eq0003> created at line 42.
    Summary:
	inferred  11 Comparator(s).
Unit <HU> synthesized.


=========================================================================
HDL Synthesis Report

Macro Statistics
# Comparators                                          : 11
 5-bit comparator equal                                : 11

=========================================================================

=========================================================================
*                       Advanced HDL Synthesis                          *
=========================================================================


=========================================================================
Advanced HDL Synthesis Report

Macro Statistics
# Comparators                                          : 11
 5-bit comparator equal                                : 11

=========================================================================

=========================================================================
*                         Low Level Synthesis                           *
=========================================================================

Optimizing unit <HU> ...

Mapping all equations...
Building and optimizing final netlist ...
Found area constraint ratio of 100 (+ 5) on block HU, actual ratio is 0.

Final Macro Processing ...

=========================================================================
Final Register Report

Found no macro
=========================================================================

=========================================================================
*                           Partition Report                            *
=========================================================================

Partition Implementation Status
-------------------------------

  No Partitions were found in this design.

-------------------------------

=========================================================================
*                            Final Report                               *
=========================================================================
Final Results
RTL Top Level Output File Name     : HU.ngr
Top Level Output File Name         : HU
Output Format                      : NGC
Optimization Goal                  : Speed
Keep Hierarchy                     : No

Design Statistics
# IOs                              : 56

Cell Usage :
# BELS                             : 50
#      LUT2                        : 4
#      LUT3                        : 11
#      LUT4                        : 34
#      MUXF5                       : 1
# IO Buffers                       : 56
#      IBUF                        : 45
#      OBUF                        : 11
=========================================================================

Device utilization summary:
---------------------------

Selected Device : 3s500efg320-5 

 Number of Slices:                       28  out of   4656     0%  
 Number of 4 input LUTs:                 49  out of   9312     0%  
 Number of IOs:                          56
 Number of bonded IOBs:                  56  out of    232    24%  

---------------------------
Partition Resource Summary:
---------------------------

  No Partitions were found in this design.

---------------------------


=========================================================================
TIMING REPORT

NOTE: THESE TIMING NUMBERS ARE ONLY A SYNTHESIS ESTIMATE.
      FOR ACCURATE TIMING INFORMATION PLEASE REFER TO THE TRACE REPORT
      GENERATED AFTER PLACE-and-ROUTE.

Clock Information:
------------------
No clock signals found in this design

Asynchronous Control Signals Information:
----------------------------------------
No asynchronous control signals found in this design

Timing Summary:
---------------
Speed Grade: -5

   Minimum period: No path found
   Minimum input arrival time before clock: No path found
   Maximum output required time after clock: No path found
   Maximum combinational path delay: 10.114ns

Timing Detail:
--------------
All values displayed in nanoseconds (ns)

=========================================================================
Timing constraint: Default path analysis
  Total number of paths / destination ports: 245 / 11
-------------------------------------------------------------------------
Delay:               10.114ns (Levels of Logic = 7)
  Source:            RsD<3> (PAD)
  Destination:       StallD (PAD)

  Data Path: RsD<3> to StallD
                                Gate     Net
    Cell:in->out      fanout   Delay   Delay  Logical Name (Net Name)
    ----------------------------------------  ------------
     IBUF:I->O             4   1.106   0.651  RsD_3_IBUF (RsD_3_IBUF)
     LUT4:I0->O            1   0.612   0.387  StallF_or000363_SW0 (N9)
     LUT3:I2->O            1   0.612   0.426  StallF_or000363 (StallF_or000363)
     LUT4:I1->O            1   0.612   0.426  StallF_or0003180 (StallF_or0003180)
     LUT4:I1->O            2   0.612   0.532  StallF_or0003408 (StallF_OBUF)
     LUT2:I0->O            1   0.612   0.357  StallD_or00001 (StallD_OBUF)
     OBUF:I->O                 3.169          StallD_OBUF (StallD)
    ----------------------------------------
    Total                     10.114ns (7.335ns logic, 2.779ns route)
                                       (72.5% logic, 27.5% route)

=========================================================================


Total REAL time to Xst completion: 2.00 secs
Total CPU time to Xst completion: 2.18 secs
 
--> 

Total memory usage is 176608 kilobytes

Number of errors   :    0 (   0 filtered)
Number of warnings :    0 (   0 filtered)
Number of infos    :    0 (   0 filtered)

