Release 12.3 Map M.70d (nt)
Xilinx Mapping Report File for Design 'M_Reg'

Design Information
------------------
Command Line   : map -intstyle ise -p xc3s500e-fg320-5 -cm area -ir off -pr off
-c 100 -o M_Reg_map.ncd M_Reg.ngd M_Reg.pcf 
Target Device  : xc3s500e
Target Package : fg320
Target Speed   : -5
Mapper Version : spartan3e -- $Revision: 1.52 $
Mapped Date    : Sun Jun 05 11:01:43 2016

Design Summary
--------------
Number of errors:      0
Number of warnings:    0
Logic Utilization:
Logic Distribution:
    Number of Slices containing only related logic:       0 out of       0   0%
    Number of Slices containing unrelated logic:          0 out of       0   0%
      *See NOTES below for an explanation of the effects of unrelated logic.
  Number of bonded IOBs:                145 out of     232   62%
    IOB Flip Flops:                      72
  Number of BUFGMUXs:                     1 out of      24    4%

Average Fanout of Non-Clock Nets:                1.00

Peak Memory Usage:  189 MB
Total REAL time to MAP completion:  1 secs 
Total CPU time to MAP completion:   1 secs 

NOTES:

   Related logic is defined as being logic that shares connectivity - e.g. two
   LUTs are "related" if they share common inputs.  When assembling slices,
   Map gives priority to combine logic that is related.  Doing so results in
   the best timing performance.

   Unrelated logic shares no connectivity.  Map will only begin packing
   unrelated logic into a slice once 99% of the slices are occupied through
   related logic packing.

   Note that once logic distribution reaches the 99% level through related
   logic packing, this does not mean the device is completely utilized.
   Unrelated logic packing will then begin, continuing until all usable LUTs
   and FFs are occupied.  Depending on your timing budget, increased levels of
   unrelated logic packing may adversely affect the overall timing performance
   of your design.

Table of Contents
-----------------
Section 1 - Errors
Section 2 - Warnings
Section 3 - Informational
Section 4 - Removed Logic Summary
Section 5 - Removed Logic
Section 6 - IOB Properties
Section 7 - RPMs
Section 8 - Guide Report
Section 9 - Area Group and Partition Summary
Section 10 - Timing Report
Section 11 - Configuration String Information
Section 12 - Control Set Information
Section 13 - Utilization by Hierarchy

Section 1 - Errors
------------------

Section 2 - Warnings
--------------------

Section 3 - Informational
-------------------------
INFO:MapLib:562 - No environment variables are currently set.
INFO:LIT:244 - All of the single ended outputs in this design are using slew
   rate limited output drivers. The delay on speed critical single ended outputs
   can be dramatically reduced by designating them as fast outputs.

Section 4 - Removed Logic Summary
---------------------------------

Section 5 - Removed Logic
-------------------------

Section 6 - IOB Properties
--------------------------

+---------------------------------------------------------------------------------------------------------------------------------------------------------+
| IOB Name                           | Type             | Direction | IO Standard          | Diff  | Drive    | Slew | Reg (s)      | Resistor | IOB      |
|                                    |                  |           |                      | Term  | Strength | Rate |              |          | Delay    |
+---------------------------------------------------------------------------------------------------------------------------------------------------------+
| ALUOutM<0>                         | IOB              | OUTPUT    | LVCMOS25             |       | 12       | SLOW |              |          | 0 / 0    |
| ALUOutM<1>                         | IOB              | OUTPUT    | LVCMOS25             |       | 12       | SLOW |              |          | 0 / 0    |
| ALUOutM<2>                         | IOB              | OUTPUT    | LVCMOS25             |       | 12       | SLOW |              |          | 0 / 0    |
| ALUOutM<3>                         | IOB              | OUTPUT    | LVCMOS25             |       | 12       | SLOW |              |          | 0 / 0    |
| ALUOutM<4>                         | IOB              | OUTPUT    | LVCMOS25             |       | 12       | SLOW |              |          | 0 / 0    |
| ALUOutM<5>                         | IOB              | OUTPUT    | LVCMOS25             |       | 12       | SLOW |              |          | 0 / 0    |
| ALUOutM<6>                         | IOB              | OUTPUT    | LVCMOS25             |       | 12       | SLOW |              |          | 0 / 0    |
| ALUOutM<7>                         | IOB              | OUTPUT    | LVCMOS25             |       | 12       | SLOW |              |          | 0 / 0    |
| ALUOutM<8>                         | IOB              | OUTPUT    | LVCMOS25             |       | 12       | SLOW |              |          | 0 / 0    |
| ALUOutM<9>                         | IOB              | OUTPUT    | LVCMOS25             |       | 12       | SLOW |              |          | 0 / 0    |
| ALUOutM<10>                        | IOB              | OUTPUT    | LVCMOS25             |       | 12       | SLOW |              |          | 0 / 0    |
| ALUOutM<11>                        | IOB              | OUTPUT    | LVCMOS25             |       | 12       | SLOW |              |          | 0 / 0    |
| ALUOutM<12>                        | IOB              | OUTPUT    | LVCMOS25             |       | 12       | SLOW |              |          | 0 / 0    |
| ALUOutM<13>                        | IOB              | OUTPUT    | LVCMOS25             |       | 12       | SLOW |              |          | 0 / 0    |
| ALUOutM<14>                        | IOB              | OUTPUT    | LVCMOS25             |       | 12       | SLOW |              |          | 0 / 0    |
| ALUOutM<15>                        | IOB              | OUTPUT    | LVCMOS25             |       | 12       | SLOW |              |          | 0 / 0    |
| ALUOutM<16>                        | IOB              | OUTPUT    | LVCMOS25             |       | 12       | SLOW |              |          | 0 / 0    |
| ALUOutM<17>                        | IOB              | OUTPUT    | LVCMOS25             |       | 12       | SLOW |              |          | 0 / 0    |
| ALUOutM<18>                        | IOB              | OUTPUT    | LVCMOS25             |       | 12       | SLOW |              |          | 0 / 0    |
| ALUOutM<19>                        | IOB              | OUTPUT    | LVCMOS25             |       | 12       | SLOW |              |          | 0 / 0    |
| ALUOutM<20>                        | IOB              | OUTPUT    | LVCMOS25             |       | 12       | SLOW |              |          | 0 / 0    |
| ALUOutM<21>                        | IOB              | OUTPUT    | LVCMOS25             |       | 12       | SLOW |              |          | 0 / 0    |
| ALUOutM<22>                        | IOB              | OUTPUT    | LVCMOS25             |       | 12       | SLOW |              |          | 0 / 0    |
| ALUOutM<23>                        | IOB              | OUTPUT    | LVCMOS25             |       | 12       | SLOW |              |          | 0 / 0    |
| ALUOutM<24>                        | IOB              | OUTPUT    | LVCMOS25             |       | 12       | SLOW |              |          | 0 / 0    |
| ALUOutM<25>                        | IOB              | OUTPUT    | LVCMOS25             |       | 12       | SLOW |              |          | 0 / 0    |
| ALUOutM<26>                        | IOB              | OUTPUT    | LVCMOS25             |       | 12       | SLOW |              |          | 0 / 0    |
| ALUOutM<27>                        | IOB              | OUTPUT    | LVCMOS25             |       | 12       | SLOW |              |          | 0 / 0    |
| ALUOutM<28>                        | IOB              | OUTPUT    | LVCMOS25             |       | 12       | SLOW |              |          | 0 / 0    |
| ALUOutM<29>                        | IOB              | OUTPUT    | LVCMOS25             |       | 12       | SLOW |              |          | 0 / 0    |
| ALUOutM<30>                        | IOB              | OUTPUT    | LVCMOS25             |       | 12       | SLOW |              |          | 0 / 0    |
| ALUOutM<31>                        | IOB              | OUTPUT    | LVCMOS25             |       | 12       | SLOW |              |          | 0 / 0    |
| MemWriteE                          | IBUF             | INPUT     | LVCMOS25             |       |          |      |              |          | 0 / 0    |
| MemWriteM                          | IOB              | OUTPUT    | LVCMOS25             |       | 12       | SLOW | OFF1         |          | 0 / 0    |
| MemtoRegE                          | IBUF             | INPUT     | LVCMOS25             |       |          |      | IFF1         |          | 0 / 3    |
| MemtoRegM                          | IOB              | OUTPUT    | LVCMOS25             |       | 12       | SLOW |              |          | 0 / 0    |
| RegWriteE                          | IBUF             | INPUT     | LVCMOS25             |       |          |      |              |          | 0 / 0    |
| RegWriteM                          | IOB              | OUTPUT    | LVCMOS25             |       | 12       | SLOW | OFF1         |          | 0 / 0    |
| WriteDataE<0>                      | IBUF             | INPUT     | LVCMOS25             |       |          |      |              |          | 0 / 0    |
| WriteDataE<1>                      | IBUF             | INPUT     | LVCMOS25             |       |          |      |              |          | 0 / 0    |
| WriteDataE<2>                      | IBUF             | INPUT     | LVCMOS25             |       |          |      |              |          | 0 / 0    |
| WriteDataE<3>                      | IBUF             | INPUT     | LVCMOS25             |       |          |      |              |          | 0 / 0    |
| WriteDataE<4>                      | IBUF             | INPUT     | LVCMOS25             |       |          |      |              |          | 0 / 0    |
| WriteDataE<5>                      | IBUF             | INPUT     | LVCMOS25             |       |          |      |              |          | 0 / 0    |
| WriteDataE<6>                      | IBUF             | INPUT     | LVCMOS25             |       |          |      | IFF1         |          | 0 / 3    |
| WriteDataE<7>                      | IBUF             | INPUT     | LVCMOS25             |       |          |      | IFF1         |          | 0 / 3    |
| WriteDataE<8>                      | IBUF             | INPUT     | LVCMOS25             |       |          |      | IFF1         |          | 0 / 3    |
| WriteDataE<9>                      | IBUF             | INPUT     | LVCMOS25             |       |          |      | IFF1         |          | 0 / 3    |
| WriteDataE<10>                     | IBUF             | INPUT     | LVCMOS25             |       |          |      |              |          | 0 / 0    |
| WriteDataE<11>                     | IBUF             | INPUT     | LVCMOS25             |       |          |      |              |          | 0 / 0    |
| WriteDataE<12>                     | IBUF             | INPUT     | LVCMOS25             |       |          |      |              |          | 0 / 0    |
| WriteDataE<13>                     | IBUF             | INPUT     | LVCMOS25             |       |          |      |              |          | 0 / 0    |
| WriteDataE<14>                     | IBUF             | INPUT     | LVCMOS25             |       |          |      |              |          | 0 / 0    |
| WriteDataE<15>                     | IBUF             | INPUT     | LVCMOS25             |       |          |      |              |          | 0 / 0    |
| WriteDataE<16>                     | IBUF             | INPUT     | LVCMOS25             |       |          |      |              |          | 0 / 0    |
| WriteDataE<17>                     | IBUF             | INPUT     | LVCMOS25             |       |          |      | IFF1         |          | 0 / 3    |
| WriteDataE<18>                     | IBUF             | INPUT     | LVCMOS25             |       |          |      | IFF1         |          | 0 / 3    |
| WriteDataE<19>                     | IBUF             | INPUT     | LVCMOS25             |       |          |      | IFF1         |          | 0 / 3    |
| WriteDataE<20>                     | IBUF             | INPUT     | LVCMOS25             |       |          |      |              |          | 0 / 0    |
| WriteDataE<21>                     | IBUF             | INPUT     | LVCMOS25             |       |          |      |              |          | 0 / 0    |
| WriteDataE<22>                     | IBUF             | INPUT     | LVCMOS25             |       |          |      |              |          | 0 / 0    |
| WriteDataE<23>                     | IBUF             | INPUT     | LVCMOS25             |       |          |      |              |          | 0 / 0    |
| WriteDataE<24>                     | IBUF             | INPUT     | LVCMOS25             |       |          |      |              |          | 0 / 0    |
| WriteDataE<25>                     | IBUF             | INPUT     | LVCMOS25             |       |          |      | IFF1         |          | 0 / 3    |
| WriteDataE<26>                     | IBUF             | INPUT     | LVCMOS25             |       |          |      | IFF1         |          | 0 / 3    |
| WriteDataE<27>                     | IBUF             | INPUT     | LVCMOS25             |       |          |      | IFF1         |          | 0 / 3    |
| WriteDataE<28>                     | IBUF             | INPUT     | LVCMOS25             |       |          |      | IFF1         |          | 0 / 3    |
| WriteDataE<29>                     | IBUF             | INPUT     | LVCMOS25             |       |          |      | IFF1         |          | 0 / 3    |
| WriteDataE<30>                     | IBUF             | INPUT     | LVCMOS25             |       |          |      |              |          | 0 / 0    |
| WriteDataE<31>                     | IBUF             | INPUT     | LVCMOS25             |       |          |      |              |          | 0 / 0    |
| WriteDataM<0>                      | IOB              | OUTPUT    | LVCMOS25             |       | 12       | SLOW | OFF1         |          | 0 / 0    |
| WriteDataM<1>                      | IOB              | OUTPUT    | LVCMOS25             |       | 12       | SLOW | OFF1         |          | 0 / 0    |
| WriteDataM<2>                      | IOB              | OUTPUT    | LVCMOS25             |       | 12       | SLOW | OFF1         |          | 0 / 0    |
| WriteDataM<3>                      | IOB              | OUTPUT    | LVCMOS25             |       | 12       | SLOW | OFF1         |          | 0 / 0    |
| WriteDataM<4>                      | IOB              | OUTPUT    | LVCMOS25             |       | 12       | SLOW | OFF1         |          | 0 / 0    |
| WriteDataM<5>                      | IOB              | OUTPUT    | LVCMOS25             |       | 12       | SLOW | OFF1         |          | 0 / 0    |
| WriteDataM<6>                      | IOB              | OUTPUT    | LVCMOS25             |       | 12       | SLOW |              |          | 0 / 0    |
| WriteDataM<7>                      | IOB              | OUTPUT    | LVCMOS25             |       | 12       | SLOW |              |          | 0 / 0    |
| WriteDataM<8>                      | IOB              | OUTPUT    | LVCMOS25             |       | 12       | SLOW |              |          | 0 / 0    |
| WriteDataM<9>                      | IOB              | OUTPUT    | LVCMOS25             |       | 12       | SLOW |              |          | 0 / 0    |
| WriteDataM<10>                     | IOB              | OUTPUT    | LVCMOS25             |       | 12       | SLOW | OFF1         |          | 0 / 0    |
| WriteDataM<11>                     | IOB              | OUTPUT    | LVCMOS25             |       | 12       | SLOW | OFF1         |          | 0 / 0    |
| WriteDataM<12>                     | IOB              | OUTPUT    | LVCMOS25             |       | 12       | SLOW | OFF1         |          | 0 / 0    |
| WriteDataM<13>                     | IOB              | OUTPUT    | LVCMOS25             |       | 12       | SLOW | OFF1         |          | 0 / 0    |
| WriteDataM<14>                     | IOB              | OUTPUT    | LVCMOS25             |       | 12       | SLOW | OFF1         |          | 0 / 0    |
| WriteDataM<15>                     | IOB              | OUTPUT    | LVCMOS25             |       | 12       | SLOW | OFF1         |          | 0 / 0    |
| WriteDataM<16>                     | IOB              | OUTPUT    | LVCMOS25             |       | 12       | SLOW | OFF1         |          | 0 / 0    |
| WriteDataM<17>                     | IOB              | OUTPUT    | LVCMOS25             |       | 12       | SLOW |              |          | 0 / 0    |
| WriteDataM<18>                     | IOB              | OUTPUT    | LVCMOS25             |       | 12       | SLOW |              |          | 0 / 0    |
| WriteDataM<19>                     | IOB              | OUTPUT    | LVCMOS25             |       | 12       | SLOW |              |          | 0 / 0    |
| WriteDataM<20>                     | IOB              | OUTPUT    | LVCMOS25             |       | 12       | SLOW | OFF1         |          | 0 / 0    |
| WriteDataM<21>                     | IOB              | OUTPUT    | LVCMOS25             |       | 12       | SLOW | OFF1         |          | 0 / 0    |
| WriteDataM<22>                     | IOB              | OUTPUT    | LVCMOS25             |       | 12       | SLOW | OFF1         |          | 0 / 0    |
| WriteDataM<23>                     | IOB              | OUTPUT    | LVCMOS25             |       | 12       | SLOW | OFF1         |          | 0 / 0    |
| WriteDataM<24>                     | IOB              | OUTPUT    | LVCMOS25             |       | 12       | SLOW | OFF1         |          | 0 / 0    |
| WriteDataM<25>                     | IOB              | OUTPUT    | LVCMOS25             |       | 12       | SLOW |              |          | 0 / 0    |
| WriteDataM<26>                     | IOB              | OUTPUT    | LVCMOS25             |       | 12       | SLOW |              |          | 0 / 0    |
| WriteDataM<27>                     | IOB              | OUTPUT    | LVCMOS25             |       | 12       | SLOW |              |          | 0 / 0    |
| WriteDataM<28>                     | IOB              | OUTPUT    | LVCMOS25             |       | 12       | SLOW |              |          | 0 / 0    |
| WriteDataM<29>                     | IOB              | OUTPUT    | LVCMOS25             |       | 12       | SLOW |              |          | 0 / 0    |
| WriteDataM<30>                     | IOB              | OUTPUT    | LVCMOS25             |       | 12       | SLOW | OFF1         |          | 0 / 0    |
| WriteDataM<31>                     | IOB              | OUTPUT    | LVCMOS25             |       | 12       | SLOW | OFF1         |          | 0 / 0    |
| WriteRegE<0>                       | IBUF             | INPUT     | LVCMOS25             |       |          |      | IFF1         |          | 0 / 3    |
| WriteRegE<1>                       | IBUF             | INPUT     | LVCMOS25             |       |          |      | IFF1         |          | 0 / 3    |
| WriteRegE<2>                       | IBUF             | INPUT     | LVCMOS25             |       |          |      | IFF1         |          | 0 / 3    |
| WriteRegE<3>                       | IBUF             | INPUT     | LVCMOS25             |       |          |      | IFF1         |          | 0 / 3    |
| WriteRegE<4>                       | IBUF             | INPUT     | LVCMOS25             |       |          |      | IFF1         |          | 0 / 3    |
| WriteRegM<0>                       | IOB              | OUTPUT    | LVCMOS25             |       | 12       | SLOW |              |          | 0 / 0    |
| WriteRegM<1>                       | IOB              | OUTPUT    | LVCMOS25             |       | 12       | SLOW |              |          | 0 / 0    |
| WriteRegM<2>                       | IOB              | OUTPUT    | LVCMOS25             |       | 12       | SLOW |              |          | 0 / 0    |
| WriteRegM<3>                       | IOB              | OUTPUT    | LVCMOS25             |       | 12       | SLOW |              |          | 0 / 0    |
| WriteRegM<4>                       | IOB              | OUTPUT    | LVCMOS25             |       | 12       | SLOW |              |          | 0 / 0    |
| alu_out<0>                         | IBUF             | INPUT     | LVCMOS25             |       |          |      | IFF1         |          | 0 / 3    |
| alu_out<1>                         | IBUF             | INPUT     | LVCMOS25             |       |          |      | IFF1         |          | 0 / 3    |
| alu_out<2>                         | IBUF             | INPUT     | LVCMOS25             |       |          |      | IFF1         |          | 0 / 3    |
| alu_out<3>                         | IBUF             | INPUT     | LVCMOS25             |       |          |      | IFF1         |          | 0 / 3    |
| alu_out<4>                         | IBUF             | INPUT     | LVCMOS25             |       |          |      | IFF1         |          | 0 / 3    |
| alu_out<5>                         | IBUF             | INPUT     | LVCMOS25             |       |          |      | IFF1         |          | 0 / 3    |
| alu_out<6>                         | IBUF             | INPUT     | LVCMOS25             |       |          |      | IFF1         |          | 0 / 3    |
| alu_out<7>                         | IBUF             | INPUT     | LVCMOS25             |       |          |      | IFF1         |          | 0 / 3    |
| alu_out<8>                         | IBUF             | INPUT     | LVCMOS25             |       |          |      | IFF1         |          | 0 / 3    |
| alu_out<9>                         | IBUF             | INPUT     | LVCMOS25             |       |          |      | IFF1         |          | 0 / 3    |
| alu_out<10>                        | IBUF             | INPUT     | LVCMOS25             |       |          |      | IFF1         |          | 0 / 3    |
| alu_out<11>                        | IBUF             | INPUT     | LVCMOS25             |       |          |      | IFF1         |          | 0 / 3    |
| alu_out<12>                        | IBUF             | INPUT     | LVCMOS25             |       |          |      | IFF1         |          | 0 / 3    |
| alu_out<13>                        | IBUF             | INPUT     | LVCMOS25             |       |          |      | IFF1         |          | 0 / 3    |
| alu_out<14>                        | IBUF             | INPUT     | LVCMOS25             |       |          |      | IFF1         |          | 0 / 3    |
| alu_out<15>                        | IBUF             | INPUT     | LVCMOS25             |       |          |      | IFF1         |          | 0 / 3    |
| alu_out<16>                        | IBUF             | INPUT     | LVCMOS25             |       |          |      | IFF1         |          | 0 / 3    |
| alu_out<17>                        | IBUF             | INPUT     | LVCMOS25             |       |          |      | IFF1         |          | 0 / 3    |
| alu_out<18>                        | IBUF             | INPUT     | LVCMOS25             |       |          |      | IFF1         |          | 0 / 3    |
| alu_out<19>                        | IBUF             | INPUT     | LVCMOS25             |       |          |      | IFF1         |          | 0 / 3    |
| alu_out<20>                        | IBUF             | INPUT     | LVCMOS25             |       |          |      | IFF1         |          | 0 / 3    |
| alu_out<21>                        | IBUF             | INPUT     | LVCMOS25             |       |          |      | IFF1         |          | 0 / 3    |
| alu_out<22>                        | IBUF             | INPUT     | LVCMOS25             |       |          |      | IFF1         |          | 0 / 3    |
| alu_out<23>                        | IBUF             | INPUT     | LVCMOS25             |       |          |      | IFF1         |          | 0 / 3    |
| alu_out<24>                        | IBUF             | INPUT     | LVCMOS25             |       |          |      | IFF1         |          | 0 / 3    |
| alu_out<25>                        | IBUF             | INPUT     | LVCMOS25             |       |          |      | IFF1         |          | 0 / 3    |
| alu_out<26>                        | IBUF             | INPUT     | LVCMOS25             |       |          |      | IFF1         |          | 0 / 3    |
| alu_out<27>                        | IBUF             | INPUT     | LVCMOS25             |       |          |      | IFF1         |          | 0 / 3    |
| alu_out<28>                        | IBUF             | INPUT     | LVCMOS25             |       |          |      | IFF1         |          | 0 / 3    |
| alu_out<29>                        | IBUF             | INPUT     | LVCMOS25             |       |          |      | IFF1         |          | 0 / 3    |
| alu_out<30>                        | IBUF             | INPUT     | LVCMOS25             |       |          |      | IFF1         |          | 0 / 3    |
| alu_out<31>                        | IBUF             | INPUT     | LVCMOS25             |       |          |      | IFF1         |          | 0 / 3    |
| clk                                | IBUF             | INPUT     | LVCMOS25             |       |          |      |              |          | 0 / 0    |
+---------------------------------------------------------------------------------------------------------------------------------------------------------+

Section 7 - RPMs
----------------

Section 8 - Guide Report
------------------------
Guide not run on this design.

Section 9 - Area Group and Partition Summary
--------------------------------------------

Partition Implementation Status
-------------------------------

  No Partitions were found in this design.

-------------------------------

Area Group Information
----------------------

  No area groups were found in this design.

----------------------

Section 10 - Timing Report
--------------------------
This design was not run using timing mode.

Section 11 - Configuration String Details
-----------------------------------------
Use the "-detail" map option to print out Configuration Strings

Section 12 - Control Set Information
------------------------------------
No control set information for this architecture.

Section 13 - Utilization by Hierarchy
-------------------------------------
Use the "-detail" map option to print out the Utilization by Hierarchy section.
