Release 12.3 - xst M.70d (nt)
Copyright (c) 1995-2010 Xilinx, Inc.  All rights reserved.
--> Parameter TMPDIR set to xst/projnav.tmp


Total REAL time to Xst completion: 0.00 secs
Total CPU time to Xst completion: 0.08 secs
 
--> Parameter xsthdpdir set to xst


Total REAL time to Xst completion: 0.00 secs
Total CPU time to Xst completion: 0.08 secs
 
--> Reading design: PCSrc_BranchD.prj

TABLE OF CONTENTS
  1) Synthesis Options Summary
  2) HDL Compilation
  3) Design Hierarchy Analysis
  4) HDL Analysis
  5) HDL Synthesis
     5.1) HDL Synthesis Report
  6) Advanced HDL Synthesis
     6.1) Advanced HDL Synthesis Report
  7) Low Level Synthesis
  8) Partition Report
  9) Final Report
	9.1) Device utilization summary
	9.2) Partition Resource Summary
	9.3) TIMING REPORT


=========================================================================
*                      Synthesis Options Summary                        *
=========================================================================
---- Source Parameters
Input File Name                    : "PCSrc_BranchD.prj"
Input Format                       : mixed
Ignore Synthesis Constraint File   : NO

---- Target Parameters
Output File Name                   : "PCSrc_BranchD"
Output Format                      : NGC
Target Device                      : xc3s500e-5-fg320

---- Source Options
Top Module Name                    : PCSrc_BranchD
Automatic FSM Extraction           : YES
FSM Encoding Algorithm             : Auto
Safe Implementation                : No
FSM Style                          : LUT
RAM Extraction                     : Yes
RAM Style                          : Auto
ROM Extraction                     : Yes
Mux Style                          : Auto
Decoder Extraction                 : YES
Priority Encoder Extraction        : Yes
Shift Register Extraction          : YES
Logical Shifter Extraction         : YES
XOR Collapsing                     : YES
ROM Style                          : Auto
Mux Extraction                     : Yes
Resource Sharing                   : YES
Asynchronous To Synchronous        : NO
Multiplier Style                   : Auto
Automatic Register Balancing       : No

---- Target Options
Add IO Buffers                     : YES
Global Maximum Fanout              : 500
Add Generic Clock Buffer(BUFG)     : 24
Register Duplication               : YES
Slice Packing                      : YES
Optimize Instantiated Primitives   : NO
Use Clock Enable                   : Yes
Use Synchronous Set                : Yes
Use Synchronous Reset              : Yes
Pack IO Registers into IOBs        : Auto
Equivalent register Removal        : YES

---- General Options
Optimization Goal                  : Speed
Optimization Effort                : 1
Keep Hierarchy                     : No
Netlist Hierarchy                  : As_Optimized
RTL Output                         : Yes
Global Optimization                : AllClockNets
Read Cores                         : YES
Write Timing Constraints           : NO
Cross Clock Analysis               : NO
Hierarchy Separator                : /
Bus Delimiter                      : <>
Case Specifier                     : Maintain
Slice Utilization Ratio            : 100
BRAM Utilization Ratio             : 100
Verilog 2001                       : YES
Auto BRAM Packing                  : NO
Slice Utilization Ratio Delta      : 5

---- Other Options
Cores Search Directories           : {"ipcore_dir"  }

=========================================================================


=========================================================================
*                          HDL Compilation                              *
=========================================================================
Compiling verilog file "PCSrc_BranchD.v" in library work
Module <PCSrc_BranchD> compiled
No errors in compilation
Analysis of file <"PCSrc_BranchD.prj"> succeeded.
 

=========================================================================
*                     Design Hierarchy Analysis                         *
=========================================================================
Analyzing hierarchy for module <PCSrc_BranchD> in library <work>.


=========================================================================
*                            HDL Analysis                               *
=========================================================================
Analyzing top module <PCSrc_BranchD>.
Module <PCSrc_BranchD> is correct for synthesis.
 

=========================================================================
*                           HDL Synthesis                               *
=========================================================================

Performing bidirectional port resolution...

Synthesizing Unit <PCSrc_BranchD>.
    Related source file is "PCSrc_BranchD.v".
    Found 32-bit comparator equal for signal <EqualD$cmp_eq0000> created at line 33.
    Found 33-bit comparator greatequal for signal <PCSrc$cmp_ge0000> created at line 44.
    Found 33-bit comparator greater for signal <PCSrc$cmp_gt0000> created at line 57.
    Found 33-bit comparator lessequal for signal <PCSrc$cmp_le0000> created at line 54.
    Summary:
	inferred   4 Comparator(s).
Unit <PCSrc_BranchD> synthesized.


=========================================================================
HDL Synthesis Report

Macro Statistics
# Comparators                                          : 4
 32-bit comparator equal                               : 1
 33-bit comparator greatequal                          : 1
 33-bit comparator greater                             : 1
 33-bit comparator lessequal                           : 1

=========================================================================

=========================================================================
*                       Advanced HDL Synthesis                          *
=========================================================================


=========================================================================
Advanced HDL Synthesis Report

Macro Statistics
# Comparators                                          : 4
 32-bit comparator equal                               : 1
 33-bit comparator greatequal                          : 1
 33-bit comparator greater                             : 1
 33-bit comparator lessequal                           : 1

=========================================================================

=========================================================================
*                         Low Level Synthesis                           *
=========================================================================

Optimizing unit <PCSrc_BranchD> ...

Mapping all equations...
Building and optimizing final netlist ...
Found area constraint ratio of 100 (+ 5) on block PCSrc_BranchD, actual ratio is 0.

Final Macro Processing ...

=========================================================================
Final Register Report

Found no macro
=========================================================================

=========================================================================
*                           Partition Report                            *
=========================================================================

Partition Implementation Status
-------------------------------

  No Partitions were found in this design.

-------------------------------

=========================================================================
*                            Final Report                               *
=========================================================================
Final Results
RTL Top Level Output File Name     : PCSrc_BranchD.ngr
Top Level Output File Name         : PCSrc_BranchD
Output Format                      : NGC
Optimization Goal                  : Speed
Keep Hierarchy                     : No

Design Statistics
# IOs                              : 87

Cell Usage :
# BELS                             : 65
#      GND                         : 1
#      LUT2                        : 2
#      LUT3                        : 3
#      LUT4                        : 33
#      MUXCY                       : 24
#      MUXF5                       : 1
#      VCC                         : 1
# IO Buffers                       : 87
#      IBUF                        : 83
#      OBUF                        : 4
=========================================================================

Device utilization summary:
---------------------------

Selected Device : 3s500efg320-5 

 Number of Slices:                       20  out of   4656     0%  
 Number of 4 input LUTs:                 38  out of   9312     0%  
 Number of IOs:                          87
 Number of bonded IOBs:                  87  out of    232    37%  

---------------------------
Partition Resource Summary:
---------------------------

  No Partitions were found in this design.

---------------------------


=========================================================================
TIMING REPORT

NOTE: THESE TIMING NUMBERS ARE ONLY A SYNTHESIS ESTIMATE.
      FOR ACCURATE TIMING INFORMATION PLEASE REFER TO THE TRACE REPORT
      GENERATED AFTER PLACE-and-ROUTE.

Clock Information:
------------------
No clock signals found in this design

Asynchronous Control Signals Information:
----------------------------------------
No asynchronous control signals found in this design

Timing Summary:
---------------
Speed Grade: -5

   Minimum period: No path found
   Minimum input arrival time before clock: No path found
   Maximum output required time after clock: No path found
   Maximum combinational path delay: 10.720ns

Timing Detail:
--------------
All values displayed in nanoseconds (ns)

=========================================================================
Timing constraint: Default path analysis
  Total number of paths / destination ports: 250 / 4
-------------------------------------------------------------------------
Delay:               10.720ns (Levels of Logic = 23)
  Source:            r1_dout<0> (PAD)
  Destination:       PCSrc<0> (PAD)

  Data Path: r1_dout<0> to PCSrc<0>
                                Gate     Net
    Cell:in->out      fanout   Delay   Delay  Logical Name (Net Name)
    ----------------------------------------  ------------
     IBUF:I->O             2   1.106   0.532  r1_dout_0_IBUF (r1_dout_0_IBUF)
     LUT4:I0->O            1   0.612   0.000  Mcompar_EqualD_cmp_eq0000_lut<0> (Mcompar_EqualD_cmp_eq0000_lut<0>)
     MUXCY:S->O            1   0.404   0.000  Mcompar_EqualD_cmp_eq0000_cy<0> (Mcompar_EqualD_cmp_eq0000_cy<0>)
     MUXCY:CI->O           1   0.052   0.000  Mcompar_EqualD_cmp_eq0000_cy<1> (Mcompar_EqualD_cmp_eq0000_cy<1>)
     MUXCY:CI->O           1   0.051   0.000  Mcompar_EqualD_cmp_eq0000_cy<2> (Mcompar_EqualD_cmp_eq0000_cy<2>)
     MUXCY:CI->O           1   0.051   0.000  Mcompar_EqualD_cmp_eq0000_cy<3> (Mcompar_EqualD_cmp_eq0000_cy<3>)
     MUXCY:CI->O           1   0.051   0.000  Mcompar_EqualD_cmp_eq0000_cy<4> (Mcompar_EqualD_cmp_eq0000_cy<4>)
     MUXCY:CI->O           1   0.051   0.000  Mcompar_EqualD_cmp_eq0000_cy<5> (Mcompar_EqualD_cmp_eq0000_cy<5>)
     MUXCY:CI->O           1   0.051   0.000  Mcompar_EqualD_cmp_eq0000_cy<6> (Mcompar_EqualD_cmp_eq0000_cy<6>)
     MUXCY:CI->O           1   0.051   0.000  Mcompar_EqualD_cmp_eq0000_cy<7> (Mcompar_EqualD_cmp_eq0000_cy<7>)
     MUXCY:CI->O           1   0.051   0.000  Mcompar_EqualD_cmp_eq0000_cy<8> (Mcompar_EqualD_cmp_eq0000_cy<8>)
     MUXCY:CI->O           1   0.051   0.000  Mcompar_EqualD_cmp_eq0000_cy<9> (Mcompar_EqualD_cmp_eq0000_cy<9>)
     MUXCY:CI->O           1   0.051   0.000  Mcompar_EqualD_cmp_eq0000_cy<10> (Mcompar_EqualD_cmp_eq0000_cy<10>)
     MUXCY:CI->O           1   0.051   0.000  Mcompar_EqualD_cmp_eq0000_cy<11> (Mcompar_EqualD_cmp_eq0000_cy<11>)
     MUXCY:CI->O           1   0.051   0.000  Mcompar_EqualD_cmp_eq0000_cy<12> (Mcompar_EqualD_cmp_eq0000_cy<12>)
     MUXCY:CI->O           1   0.051   0.000  Mcompar_EqualD_cmp_eq0000_cy<13> (Mcompar_EqualD_cmp_eq0000_cy<13>)
     MUXCY:CI->O           1   0.051   0.000  Mcompar_EqualD_cmp_eq0000_cy<14> (Mcompar_EqualD_cmp_eq0000_cy<14>)
     MUXCY:CI->O           2   0.399   0.532  Mcompar_EqualD_cmp_eq0000_cy<15> (EqualD)
     LUT2:I0->O            1   0.612   0.387  PCSrc<0>108_SW0 (N16)
     LUT4:I2->O            1   0.612   0.000  PCSrc<0>147_SW0_F (N20)
     MUXF5:I0->O           1   0.278   0.387  PCSrc<0>147_SW0 (N18)
     LUT4:I2->O            1   0.612   0.357  PCSrc<0>147 (PCSrc_0_OBUF)
     OBUF:I->O                 3.169          PCSrc_0_OBUF (PCSrc<0>)
    ----------------------------------------
    Total                     10.720ns (8.526ns logic, 2.195ns route)
                                       (79.5% logic, 20.5% route)

=========================================================================


Total REAL time to Xst completion: 2.00 secs
Total CPU time to Xst completion: 1.91 secs
 
--> 

Total memory usage is 175776 kilobytes

Number of errors   :    0 (   0 filtered)
Number of warnings :    0 (   0 filtered)
Number of infos    :    0 (   0 filtered)

