--------------------------------------------------------------------------------
Release 12.3 Trace  (nt)
Copyright (c) 1995-2010 Xilinx, Inc.  All rights reserved.

C:\Xilinx\12.3\ISE_DS\ISE\bin\nt\unwrapped\trce.exe -intstyle ise -v 3 -s 5 -n
3 -fastpaths -xml PCSrc_BranchD.twx PCSrc_BranchD.ncd -o PCSrc_BranchD.twr
PCSrc_BranchD.pcf

Design file:              PCSrc_BranchD.ncd
Physical constraint file: PCSrc_BranchD.pcf
Device,package,speed:     xc3s500e,fg320,-5 (PRODUCTION 1.27 2010-09-15)
Report level:             verbose report

Environment Variable      Effect 
--------------------      ------ 
NONE                      No environment variables were set
--------------------------------------------------------------------------------

INFO:Timing:2698 - No timing constraints found, doing default enumeration.
INFO:Timing:2752 - To get complete path coverage, use the unconstrained paths 
   option. All paths that are not constrained will be reported in the 
   unconstrained paths section(s) of the report.
INFO:Timing:3339 - The clock-to-out numbers in this timing report are based on 
   a 50 Ohm transmission line loading model.  For the details of this model, 
   and for more information on accounting for different loading conditions, 
   please see the device datasheet.
INFO:Timing:3390 - This architecture does not support a default System Jitter 
   value, please add SYSTEM_JITTER constraint to the UCF to modify the Clock 
   Uncertainty calculation.
INFO:Timing:3389 - This architecture does not support 'Discrete Jitter' and 
   'Phase Error' calculations, these terms will be zero in the Clock 
   Uncertainty calculation.  Please make appropriate modification to 
   SYSTEM_JITTER to account for the unsupported Discrete Jitter and Phase 
   Error.



Data Sheet report:
-----------------
All values displayed in nanoseconds (ns)

Pad to Pad
---------------+---------------+---------+
Source Pad     |Destination Pad|  Delay  |
---------------+---------------+---------+
Funct<0>       |BranchD<1>     |    7.497|
Funct<0>       |PCSrc<1>       |    7.944|
Funct<1>       |BranchD<1>     |    7.383|
Funct<1>       |PCSrc<1>       |    7.830|
Funct<2>       |BranchD<1>     |    7.426|
Funct<2>       |PCSrc<1>       |    7.873|
Funct<3>       |BranchD<1>     |    6.155|
Funct<3>       |PCSrc<1>       |    6.602|
Funct<4>       |BranchD<1>     |    6.187|
Funct<4>       |PCSrc<1>       |    6.634|
Funct<5>       |BranchD<1>     |    6.246|
Funct<5>       |PCSrc<1>       |    6.693|
StallF         |PCSrc<0>       |    7.273|
StallF         |PCSrc<1>       |    5.757|
bgez_bgtz<0>   |PCSrc<0>       |    7.827|
bgez_bgtz<1>   |PCSrc<0>       |    8.520|
bgez_bgtz<2>   |PCSrc<0>       |    8.378|
bgez_bgtz<3>   |PCSrc<0>       |    8.338|
bgez_bgtz<4>   |PCSrc<0>       |    8.317|
ins<0>         |BranchD<0>     |    5.970|
ins<0>         |BranchD<1>     |    6.541|
ins<0>         |PCSrc<0>       |    7.031|
ins<0>         |PCSrc<1>       |    6.480|
ins<1>         |BranchD<0>     |    5.891|
ins<1>         |BranchD<1>     |    5.580|
ins<1>         |PCSrc<0>       |    7.762|
ins<1>         |PCSrc<1>       |    5.606|
ins<2>         |BranchD<0>     |    5.999|
ins<2>         |BranchD<1>     |    6.306|
ins<2>         |PCSrc<0>       |    8.383|
ins<2>         |PCSrc<1>       |    6.245|
ins<3>         |BranchD<0>     |    6.496|
ins<3>         |BranchD<1>     |    6.931|
ins<3>         |PCSrc<0>       |    6.861|
ins<3>         |PCSrc<1>       |    6.870|
ins<4>         |BranchD<0>     |    6.517|
ins<4>         |BranchD<1>     |    6.952|
ins<4>         |PCSrc<0>       |    6.882|
ins<4>         |PCSrc<1>       |    6.891|
ins<5>         |BranchD<0>     |    6.800|
ins<5>         |BranchD<1>     |    7.235|
ins<5>         |PCSrc<0>       |    7.165|
ins<5>         |PCSrc<1>       |    7.174|
r1_dout<0>     |PCSrc<0>       |   12.989|
r1_dout<1>     |PCSrc<0>       |   13.165|
r1_dout<2>     |PCSrc<0>       |   12.718|
r1_dout<3>     |PCSrc<0>       |   12.617|
r1_dout<4>     |PCSrc<0>       |   12.775|
r1_dout<5>     |PCSrc<0>       |   13.043|
r1_dout<6>     |PCSrc<0>       |   12.664|
r1_dout<7>     |PCSrc<0>       |   12.608|
r1_dout<8>     |PCSrc<0>       |   12.269|
r1_dout<9>     |PCSrc<0>       |   13.062|
r1_dout<10>    |PCSrc<0>       |   12.148|
r1_dout<11>    |PCSrc<0>       |   11.813|
r1_dout<12>    |PCSrc<0>       |   12.188|
r1_dout<13>    |PCSrc<0>       |   11.961|
r1_dout<14>    |PCSrc<0>       |   12.358|
r1_dout<15>    |PCSrc<0>       |   11.700|
r1_dout<16>    |PCSrc<0>       |   11.928|
r1_dout<17>    |PCSrc<0>       |   12.038|
r1_dout<18>    |PCSrc<0>       |   11.562|
r1_dout<19>    |PCSrc<0>       |   11.415|
r1_dout<20>    |PCSrc<0>       |   11.553|
r1_dout<21>    |PCSrc<0>       |   11.333|
r1_dout<22>    |PCSrc<0>       |   11.179|
r1_dout<23>    |PCSrc<0>       |   11.200|
r1_dout<24>    |PCSrc<0>       |   11.344|
r1_dout<25>    |PCSrc<0>       |   11.314|
r1_dout<26>    |PCSrc<0>       |   11.134|
r1_dout<27>    |PCSrc<0>       |   11.373|
r1_dout<28>    |PCSrc<0>       |   11.402|
r1_dout<29>    |PCSrc<0>       |   11.457|
r1_dout<30>    |PCSrc<0>       |   11.553|
r1_dout<31>    |PCSrc<0>       |   11.349|
r2_dout<0>     |PCSrc<0>       |   12.186|
r2_dout<1>     |PCSrc<0>       |   12.394|
r2_dout<2>     |PCSrc<0>       |   12.242|
r2_dout<3>     |PCSrc<0>       |   12.353|
r2_dout<4>     |PCSrc<0>       |   12.394|
r2_dout<5>     |PCSrc<0>       |   12.397|
r2_dout<6>     |PCSrc<0>       |   11.994|
r2_dout<7>     |PCSrc<0>       |   12.044|
r2_dout<8>     |PCSrc<0>       |   12.135|
r2_dout<9>     |PCSrc<0>       |   11.781|
r2_dout<10>    |PCSrc<0>       |   11.687|
r2_dout<11>    |PCSrc<0>       |   12.299|
r2_dout<12>    |PCSrc<0>       |   12.403|
r2_dout<13>    |PCSrc<0>       |   12.218|
r2_dout<14>    |PCSrc<0>       |   12.417|
r2_dout<15>    |PCSrc<0>       |   12.087|
r2_dout<16>    |PCSrc<0>       |   12.490|
r2_dout<17>    |PCSrc<0>       |   12.337|
r2_dout<18>    |PCSrc<0>       |   12.201|
r2_dout<19>    |PCSrc<0>       |   12.071|
r2_dout<20>    |PCSrc<0>       |   12.148|
r2_dout<21>    |PCSrc<0>       |   12.214|
r2_dout<22>    |PCSrc<0>       |   13.329|
r2_dout<23>    |PCSrc<0>       |   12.203|
r2_dout<24>    |PCSrc<0>       |   12.497|
r2_dout<25>    |PCSrc<0>       |   12.542|
r2_dout<26>    |PCSrc<0>       |   12.176|
r2_dout<27>    |PCSrc<0>       |   12.670|
r2_dout<28>    |PCSrc<0>       |   12.419|
r2_dout<29>    |PCSrc<0>       |   12.849|
r2_dout<30>    |PCSrc<0>       |   12.429|
r2_dout<31>    |PCSrc<0>       |   12.366|
rst_n          |BranchD<0>     |    6.699|
rst_n          |BranchD<1>     |    7.134|
rst_n          |PCSrc<0>       |    7.064|
rst_n          |PCSrc<1>       |    7.073|
---------------+---------------+---------+


Analysis completed Sun Jun 05 10:57:25 2016 
--------------------------------------------------------------------------------

Trace Settings:
-------------------------
Trace Settings 

Peak Memory Usage: 125 MB



